# JRE version: OpenJDK Runtime Environment (8.0_202-b03) (build 1.8.0_202-release-1483-b03)
# Java VM: OpenJDK 64-Bit Server VM (25.202-b03 mixed mode windows-amd64 compressed oops)
Heap:
 PSYoungGen      total 116224K, used 16264K [0x00000000e0000000, 0x00000000e7d00000, 0x0000000100000000)
  eden space 105984K, 5% used [0x00000000e0000000,0x00000000e05e7e80,0x00000000e6780000)
  from space 10240K, 99% used [0x00000000e7200000,0x00000000e7bfa4a0,0x00000000e7c00000)
  to   space 10752K, 0% used [0x00000000e6780000,0x00000000e6780000,0x00000000e7200000)
 ParOldGen       total 58880K, used 21105K [0x00000000a0000000, 0x00000000a3980000, 0x00000000e0000000)
  object space 58880K, 35% used [0x00000000a0000000,0x00000000a149c4c0,0x00000000a3980000)
 Metaspace       used 45266K, capacity 46270K, committed 46376K, reserved 1089536K
  class space    used 6111K, capacity 6414K, committed 6440K, reserved 1048576K
GC Heap History (10 events):
Event: 11.599 GC heap before
{Heap before GC invocations=8 (full 1):
 PSYoungGen      total 76288K, used 66560K [0x00000000e0000000, 0x00000000e5500000, 0x0000000100000000)
  eden space 66560K, 100% used [0x00000000e0000000,0x00000000e4100000,0x00000000e4100000)
  from space 9728K, 0% used [0x00000000e4b80000,0x00000000e4b80000,0x00000000e5500000)
  to   space 10240K, 0% used [0x00000000e4100000,0x00000000e4100000,0x00000000e4b00000)
 ParOldGen       total 58880K, used 7859K [0x00000000a0000000, 0x00000000a3980000, 0x00000000e0000000)
  object space 58880K, 13% used [0x00000000a0000000,0x00000000a07acd88,0x00000000a3980000)
 Metaspace       used 28734K, capacity 29222K, committed 29440K, reserved 1075200K
  class space    used 3865K, capacity 4034K, committed 4096K, reserved 1048576K
Event: 11.629 GC heap after
Heap after GC invocations=8 (full 1):
 PSYoungGen      total 76800K, used 7876K [0x00000000e0000000, 0x00000000e7c00000, 0x0000000100000000)
  eden space 66560K, 0% used [0x00000000e0000000,0x00000000e0000000,0x00000000e4100000)
  from space 10240K, 76% used [0x00000000e4100000,0x00000000e48b10c8,0x00000000e4b00000)
  to   space 10240K, 0% used [0x00000000e7200000,0x00000000e7200000,0x00000000e7c00000)
 ParOldGen       total 58880K, used 7867K [0x00000000a0000000, 0x00000000a3980000, 0x00000000e0000000)
  object space 58880K, 13% used [0x00000000a0000000,0x00000000a07aed88,0x00000000a3980000)
 Metaspace       used 28734K, capacity 29222K, committed 29440K, reserved 1075200K
  class space    used 3865K, capacity 4034K, committed 4096K, reserved 1048576K
}
Event: 13.588 GC heap before
{Heap before GC invocations=9 (full 1):
 PSYoungGen      total 76800K, used 74436K [0x00000000e0000000, 0x00000000e7c00000, 0x0000000100000000)
  eden space 66560K, 100% used [0x00000000e0000000,0x00000000e4100000,0x00000000e4100000)
  from space 10240K, 76% used [0x00000000e4100000,0x00000000e48b10c8,0x00000000e4b00000)
  to   space 10240K, 0% used [0x00000000e7200000,0x00000000e7200000,0x00000000e7c00000)
 ParOldGen       total 58880K, used 7867K [0x00000000a0000000, 0x00000000a3980000, 0x00000000e0000000)
  object space 58880K, 13% used [0x00000000a0000000,0x00000000a07aed88,0x00000000a3980000)
 Metaspace       used 32174K, capacity 32682K, committed 32768K, reserved 1077248K
  class space    used 4429K, capacity 4588K, committed 4608K, reserved 1048576K
Event: 13.627 GC heap after
Heap after GC invocations=9 (full 1):
 PSYoungGen      total 116224K, used 8639K [0x00000000e0000000, 0x00000000e7d00000, 0x0000000100000000)
  eden space 105984K, 0% used [0x00000000e0000000,0x00000000e0000000,0x00000000e6780000)
  from space 10240K, 84% used [0x00000000e7200000,0x00000000e7a6fda0,0x00000000e7c00000)
  to   space 10752K, 0% used [0x00000000e6780000,0x00000000e6780000,0x00000000e7200000)
 ParOldGen       total 58880K, used 7875K [0x00000000a0000000, 0x00000000a3980000, 0x00000000e0000000)
  object space 58880K, 13% used [0x00000000a0000000,0x00000000a07b0d88,0x00000000a3980000)
 Metaspace       used 32174K, capacity 32682K, committed 32768K, reserved 1077248K
  class space    used 4429K, capacity 4588K, committed 4608K, reserved 1048576K
}
Event: 17.576 GC heap before
{Heap before GC invocations=10 (full 1):
 PSYoungGen      total 116224K, used 57299K [0x00000000e0000000, 0x00000000e7d00000, 0x0000000100000000)
  eden space 105984K, 45% used [0x00000000e0000000,0x00000000e2f84ed0,0x00000000e6780000)
  from space 10240K, 84% used [0x00000000e7200000,0x00000000e7a6fda0,0x00000000e7c00000)
  to   space 10752K, 0% used [0x00000000e6780000,0x00000000e6780000,0x00000000e7200000)
 ParOldGen       total 58880K, used 7875K [0x00000000a0000000, 0x00000000a3980000, 0x00000000e0000000)
  object space 58880K, 13% used [0x00000000a0000000,0x00000000a07b0d88,0x00000000a3980000)
 Metaspace       used 34815K, capacity 35432K, committed 35496K, reserved 1079296K
  class space    used 4808K, capacity 4999K, committed 5032K, reserved 1048576K
Event: 17.634 GC heap after
Heap after GC invocations=10 (full 1):
 PSYoungGen      total 116736K, used 10389K [0x00000000e0000000, 0x00000000e7d00000, 0x0000000100000000)
  eden space 105984K, 0% used [0x00000000e0000000,0x00000000e0000000,0x00000000e6780000)
  from space 10752K, 96% used [0x00000000e6780000,0x00000000e71a5770,0x00000000e7200000)
  to   space 10240K, 0% used [0x00000000e7200000,0x00000000e7200000,0x00000000e7c00000)
 ParOldGen       total 58880K, used 7883K [0x00000000a0000000, 0x00000000a3980000, 0x00000000e0000000)
  object space 58880K, 13% used [0x00000000a0000000,0x00000000a07b2d88,0x00000000a3980000)
 Metaspace       used 34815K, capacity 35432K, committed 35496K, reserved 1079296K
  class space    used 4808K, capacity 4999K, committed 5032K, reserved 1048576K
}
Event: 17.634 GC heap before
{Heap before GC invocations=11 (full 2):
 PSYoungGen      total 116736K, used 10389K [0x00000000e0000000, 0x00000000e7d00000, 0x0000000100000000)
  eden space 105984K, 0% used [0x00000000e0000000,0x00000000e0000000,0x00000000e6780000)
  from space 10752K, 96% used [0x00000000e6780000,0x00000000e71a5770,0x00000000e7200000)
  to   space 10240K, 0% used [0x00000000e7200000,0x00000000e7200000,0x00000000e7c00000)
 ParOldGen       total 58880K, used 7883K [0x00000000a0000000, 0x00000000a3980000, 0x00000000e0000000)
  object space 58880K, 13% used [0x00000000a0000000,0x00000000a07b2d88,0x00000000a3980000)
 Metaspace       used 34815K, capacity 35432K, committed 35496K, reserved 1079296K
  class space    used 4808K, capacity 4999K, committed 5032K, reserved 1048576K
Event: 17.877 GC heap after
Heap after GC invocations=11 (full 2):
 PSYoungGen      total 116736K, used 0K [0x00000000e0000000, 0x00000000e7d00000, 0x0000000100000000)
  eden space 105984K, 0% used [0x00000000e0000000,0x00000000e0000000,0x00000000e6780000)
  from space 10752K, 0% used [0x00000000e6780000,0x00000000e6780000,0x00000000e7200000)
  to   space 10240K, 0% used [0x00000000e7200000,0x00000000e7200000,0x00000000e7c00000)
 ParOldGen       total 58880K, used 17368K [0x00000000a0000000, 0x00000000a3980000, 0x00000000e0000000)
  object space 58880K, 29% used [0x00000000a0000000,0x00000000a10f6380,0x00000000a3980000)
 Metaspace       used 34807K, capacity 35408K, committed 35496K, reserved 1079296K
  class space    used 4806K, capacity 4995K, committed 5032K, reserved 1048576K
}
Event: 21.781 GC heap before
{Heap before GC invocations=12 (full 2):
 PSYoungGen      total 116736K, used 105984K [0x00000000e0000000, 0x00000000e7d00000, 0x0000000100000000)
  eden space 105984K, 100% used [0x00000000e0000000,0x00000000e6780000,0x00000000e6780000)
  from space 10752K, 0% used [0x00000000e6780000,0x00000000e6780000,0x00000000e7200000)
  to   space 10240K, 0% used [0x00000000e7200000,0x00000000e7200000,0x00000000e7c00000)
 ParOldGen       total 58880K, used 17368K [0x00000000a0000000, 0x00000000a3980000, 0x00000000e0000000)
  object space 58880K, 29% used [0x00000000a0000000,0x00000000a10f6380,0x00000000a3980000)
 Metaspace       used 44599K, capacity 45574K, committed 45736K, reserved 1089536K
  class space    used 6009K, capacity 6312K, committed 6312K, reserved 1048576K
Event: 21.869 GC heap after
Heap after GC invocations=12 (full 2):
 PSYoungGen      total 116224K, used 10217K [0x00000000e0000000, 0x00000000e7d00000, 0x0000000100000000)
  eden space 105984K, 0% used [0x00000000e0000000,0x00000000e0000000,0x00000000e6780000)
  from space 10240K, 99% used [0x00000000e7200000,0x00000000e7bfa4a0,0x00000000e7c00000)
  to   space 10752K, 0% used [0x00000000e6780000,0x00000000e6780000,0x00000000e7200000)
 ParOldGen       total 58880K, used 21105K [0x00000000a0000000, 0x00000000a3980000, 0x00000000e0000000)
  object space 58880K, 35% used [0x00000000a0000000,0x00000000a149c4c0,0x00000000a3980000)
 Metaspace       used 44599K, capacity 45574K, committed 45736K, reserved 1089536K
  class space    used 6009K, capacity 6312K, committed 6312K, reserved 1048576K
}

