# JRE version: OpenJDK Runtime Environment (8.0_202-b03) (build 1.8.0_202-release-1483-b03)
# Java VM: OpenJDK 64-Bit Server VM (25.202-b03 mixed mode windows-amd64 compressed oops)
Heap:
 PSYoungGen      total 172032K, used 149130K [0x00000000e0000000, 0x00000000ebe80000, 0x0000000100000000)
  eden space 159744K, 85% used [0x00000000e0000000,0x00000000e85aa640,0x00000000e9c00000)
  from space 12288K, 99% used [0x00000000eb280000,0x00000000ebe78558,0x00000000ebe80000)
  to   space 14336K, 0% used [0x00000000ea280000,0x00000000ea280000,0x00000000eb080000)
 ParOldGen       total 75776K, used 20319K [0x00000000a0000000, 0x00000000a4a00000, 0x00000000e0000000)
  object space 75776K, 26% used [0x00000000a0000000,0x00000000a13d7f90,0x00000000a4a00000)
 Metaspace       used 54492K, capacity 55734K, committed 56024K, reserved 1097728K
  class space    used 7275K, capacity 7606K, committed 7680K, reserved 1048576K
GC Heap History (10 events):
Event: 25.347 GC heap before
{Heap before GC invocations=8 (full 1):
 PSYoungGen      total 76288K, used 66560K [0x00000000e0000000, 0x00000000e5500000, 0x0000000100000000)
  eden space 66560K, 100% used [0x00000000e0000000,0x00000000e4100000,0x00000000e4100000)
  from space 9728K, 0% used [0x00000000e4b80000,0x00000000e4b80000,0x00000000e5500000)
  to   space 10240K, 0% used [0x00000000e4100000,0x00000000e4100000,0x00000000e4b00000)
 ParOldGen       total 51200K, used 7345K [0x00000000a0000000, 0x00000000a3200000, 0x00000000e0000000)
  object space 51200K, 14% used [0x00000000a0000000,0x00000000a072c410,0x00000000a3200000)
 Metaspace       used 28471K, capacity 28894K, committed 29184K, reserved 1075200K
  class space    used 3817K, capacity 3983K, committed 4096K, reserved 1048576K
Event: 25.397 GC heap after
Heap after GC invocations=8 (full 1):
 PSYoungGen      total 76800K, used 7783K [0x00000000e0000000, 0x00000000e8b00000, 0x0000000100000000)
  eden space 66560K, 0% used [0x00000000e0000000,0x00000000e0000000,0x00000000e4100000)
  from space 10240K, 76% used [0x00000000e4100000,0x00000000e4899ca8,0x00000000e4b00000)
  to   space 10752K, 0% used [0x00000000e8080000,0x00000000e8080000,0x00000000e8b00000)
 ParOldGen       total 51200K, used 7345K [0x00000000a0000000, 0x00000000a3200000, 0x00000000e0000000)
  object space 51200K, 14% used [0x00000000a0000000,0x00000000a072c410,0x00000000a3200000)
 Metaspace       used 28471K, capacity 28894K, committed 29184K, reserved 1075200K
  class space    used 3817K, capacity 3983K, committed 4096K, reserved 1048576K
}
Event: 30.081 GC heap before
{Heap before GC invocations=9 (full 1):
 PSYoungGen      total 76800K, used 74343K [0x00000000e0000000, 0x00000000e8b00000, 0x0000000100000000)
  eden space 66560K, 100% used [0x00000000e0000000,0x00000000e4100000,0x00000000e4100000)
  from space 10240K, 76% used [0x00000000e4100000,0x00000000e4899ca8,0x00000000e4b00000)
  to   space 10752K, 0% used [0x00000000e8080000,0x00000000e8080000,0x00000000e8b00000)
 ParOldGen       total 51200K, used 7345K [0x00000000a0000000, 0x00000000a3200000, 0x00000000e0000000)
  object space 51200K, 14% used [0x00000000a0000000,0x00000000a072c410,0x00000000a3200000)
 Metaspace       used 31883K, capacity 32272K, committed 32768K, reserved 1077248K
  class space    used 4383K, capacity 4531K, committed 4608K, reserved 1048576K
Event: 30.119 GC heap after
Heap after GC invocations=9 (full 1):
 PSYoungGen      total 126976K, used 8499K [0x00000000e0000000, 0x00000000e8900000, 0x0000000100000000)
  eden space 118272K, 0% used [0x00000000e0000000,0x00000000e0000000,0x00000000e7380000)
  from space 8704K, 97% used [0x00000000e8080000,0x00000000e88cce18,0x00000000e8900000)
  to   space 10752K, 0% used [0x00000000e7400000,0x00000000e7400000,0x00000000e7e80000)
 ParOldGen       total 51200K, used 7353K [0x00000000a0000000, 0x00000000a3200000, 0x00000000e0000000)
  object space 51200K, 14% used [0x00000000a0000000,0x00000000a072e410,0x00000000a3200000)
 Metaspace       used 31883K, capacity 32272K, committed 32768K, reserved 1077248K
  class space    used 4383K, capacity 4531K, committed 4608K, reserved 1048576K
}
Event: 40.069 GC heap before
{Heap before GC invocations=10 (full 1):
 PSYoungGen      total 126976K, used 57753K [0x00000000e0000000, 0x00000000e8900000, 0x0000000100000000)
  eden space 118272K, 41% used [0x00000000e0000000,0x00000000e3019648,0x00000000e7380000)
  from space 8704K, 97% used [0x00000000e8080000,0x00000000e88cce18,0x00000000e8900000)
  to   space 10752K, 0% used [0x00000000e7400000,0x00000000e7400000,0x00000000e7e80000)
 ParOldGen       total 51200K, used 7353K [0x00000000a0000000, 0x00000000a3200000, 0x00000000e0000000)
  object space 51200K, 14% used [0x00000000a0000000,0x00000000a072e410,0x00000000a3200000)
 Metaspace       used 34707K, capacity 35250K, committed 35416K, reserved 1079296K
  class space    used 4785K, capacity 4974K, committed 4992K, reserved 1048576K
Event: 40.125 GC heap after
Heap after GC invocations=10 (full 1):
 PSYoungGen      total 129536K, used 10749K [0x00000000e0000000, 0x00000000ebe80000, 0x0000000100000000)
  eden space 118784K, 0% used [0x00000000e0000000,0x00000000e0000000,0x00000000e7400000)
  from space 10752K, 99% used [0x00000000e7400000,0x00000000e7e7f758,0x00000000e7e80000)
  to   space 12288K, 0% used [0x00000000eb280000,0x00000000eb280000,0x00000000ebe80000)
 ParOldGen       total 51200K, used 7361K [0x00000000a0000000, 0x00000000a3200000, 0x00000000e0000000)
  object space 51200K, 14% used [0x00000000a0000000,0x00000000a0730410,0x00000000a3200000)
 Metaspace       used 34707K, capacity 35250K, committed 35416K, reserved 1079296K
  class space    used 4785K, capacity 4974K, committed 4992K, reserved 1048576K
}
Event: 40.125 GC heap before
{Heap before GC invocations=11 (full 2):
 PSYoungGen      total 129536K, used 10749K [0x00000000e0000000, 0x00000000ebe80000, 0x0000000100000000)
  eden space 118784K, 0% used [0x00000000e0000000,0x00000000e0000000,0x00000000e7400000)
  from space 10752K, 99% used [0x00000000e7400000,0x00000000e7e7f758,0x00000000e7e80000)
  to   space 12288K, 0% used [0x00000000eb280000,0x00000000eb280000,0x00000000ebe80000)
 ParOldGen       total 51200K, used 7361K [0x00000000a0000000, 0x00000000a3200000, 0x00000000e0000000)
  object space 51200K, 14% used [0x00000000a0000000,0x00000000a0730410,0x00000000a3200000)
 Metaspace       used 34707K, capacity 35250K, committed 35416K, reserved 1079296K
  class space    used 4785K, capacity 4974K, committed 4992K, reserved 1048576K
Event: 40.553 GC heap after
Heap after GC invocations=11 (full 2):
 PSYoungGen      total 129536K, used 0K [0x00000000e0000000, 0x00000000ebe80000, 0x0000000100000000)
  eden space 118784K, 0% used [0x00000000e0000000,0x00000000e0000000,0x00000000e7400000)
  from space 10752K, 0% used [0x00000000e7400000,0x00000000e7400000,0x00000000e7e80000)
  to   space 12288K, 0% used [0x00000000eb280000,0x00000000eb280000,0x00000000ebe80000)
 ParOldGen       total 75776K, used 17342K [0x00000000a0000000, 0x00000000a4a00000, 0x00000000e0000000)
  object space 75776K, 22% used [0x00000000a0000000,0x00000000a10ef870,0x00000000a4a00000)
 Metaspace       used 34700K, capacity 35226K, committed 35416K, reserved 1079296K
  class space    used 4782K, capacity 4970K, committed 4992K, reserved 1048576K
}
Event: 53.472 GC heap before
{Heap before GC invocations=12 (full 2):
 PSYoungGen      total 129536K, used 118784K [0x00000000e0000000, 0x00000000ebe80000, 0x0000000100000000)
  eden space 118784K, 100% used [0x00000000e0000000,0x00000000e7400000,0x00000000e7400000)
  from space 10752K, 0% used [0x00000000e7400000,0x00000000e7400000,0x00000000e7e80000)
  to   space 12288K, 0% used [0x00000000eb280000,0x00000000eb280000,0x00000000ebe80000)
 ParOldGen       total 75776K, used 17342K [0x00000000a0000000, 0x00000000a4a00000, 0x00000000e0000000)
  object space 75776K, 22% used [0x00000000a0000000,0x00000000a10ef870,0x00000000a4a00000)
 Metaspace       used 45835K, capacity 46728K, committed 47192K, reserved 1089536K
  class space    used 6176K, capacity 6453K, committed 6528K, reserved 1048576K
Event: 53.520 GC heap after
Heap after GC invocations=12 (full 2):
 PSYoungGen      total 172032K, used 12257K [0x00000000e0000000, 0x00000000ebe80000, 0x0000000100000000)
  eden space 159744K, 0% used [0x00000000e0000000,0x00000000e0000000,0x00000000e9c00000)
  from space 12288K, 99% used [0x00000000eb280000,0x00000000ebe78558,0x00000000ebe80000)
  to   space 14336K, 0% used [0x00000000ea280000,0x00000000ea280000,0x00000000eb080000)
 ParOldGen       total 75776K, used 20319K [0x00000000a0000000, 0x00000000a4a00000, 0x00000000e0000000)
  object space 75776K, 26% used [0x00000000a0000000,0x00000000a13d7f90,0x00000000a4a00000)
 Metaspace       used 45835K, capacity 46728K, committed 47192K, reserved 1089536K
  class space    used 6176K, capacity 6453K, committed 6528K, reserved 1048576K
}

