# JRE version: OpenJDK Runtime Environment (8.0_202-b03) (build 1.8.0_202-release-1483-b03)
# Java VM: OpenJDK 64-Bit Server VM (25.202-b03 mixed mode windows-amd64 compressed oops)
Heap:
 PSYoungGen      total 181248K, used 21249K [0x00000000e0000000, 0x00000000ec580000, 0x0000000100000000)
  eden space 166912K, 12% used [0x00000000e0000000,0x00000000e14c0720,0x00000000ea300000)
  from space 14336K, 0% used [0x00000000eb080000,0x00000000eb080000,0x00000000ebe80000)
  to   space 13824K, 0% used [0x00000000ea300000,0x00000000ea300000,0x00000000eb080000)
 ParOldGen       total 135680K, used 30495K [0x00000000a0000000, 0x00000000a8480000, 0x00000000e0000000)
  object space 135680K, 22% used [0x00000000a0000000,0x00000000a1dc7df0,0x00000000a8480000)
 Metaspace       used 58380K, capacity 59938K, committed 60072K, reserved 1101824K
  class space    used 7884K, capacity 8298K, committed 8360K, reserved 1048576K
GC Heap History (10 events):
Event: 20.138 GC heap before
{Heap before GC invocations=11 (full 2):
 PSYoungGen      total 117248K, used 10352K [0x00000000e0000000, 0x00000000ea480000, 0x0000000100000000)
  eden space 106496K, 0% used [0x00000000e0000000,0x00000000e0000000,0x00000000e6800000)
  from space 10752K, 96% used [0x00000000e6800000,0x00000000e721c3c8,0x00000000e7280000)
  to   space 11776K, 0% used [0x00000000e9900000,0x00000000e9900000,0x00000000ea480000)
 ParOldGen       total 57856K, used 7908K [0x00000000a0000000, 0x00000000a3880000, 0x00000000e0000000)
  object space 57856K, 13% used [0x00000000a0000000,0x00000000a07b9010,0x00000000a3880000)
 Metaspace       used 34830K, capacity 35448K, committed 35496K, reserved 1079296K
  class space    used 4811K, capacity 5029K, committed 5032K, reserved 1048576K
Event: 20.392 GC heap after
Heap after GC invocations=11 (full 2):
 PSYoungGen      total 117248K, used 0K [0x00000000e0000000, 0x00000000ea480000, 0x0000000100000000)
  eden space 106496K, 0% used [0x00000000e0000000,0x00000000e0000000,0x00000000e6800000)
  from space 10752K, 0% used [0x00000000e6800000,0x00000000e6800000,0x00000000e7280000)
  to   space 11776K, 0% used [0x00000000e9900000,0x00000000e9900000,0x00000000ea480000)
 ParOldGen       total 91648K, used 17318K [0x00000000a0000000, 0x00000000a5980000, 0x00000000e0000000)
  object space 91648K, 18% used [0x00000000a0000000,0x00000000a10e9b88,0x00000000a5980000)
 Metaspace       used 34826K, capacity 35436K, committed 35496K, reserved 1079296K
  class space    used 4810K, capacity 5027K, committed 5032K, reserved 1048576K
}
Event: 26.157 GC heap before
{Heap before GC invocations=12 (full 2):
 PSYoungGen      total 117248K, used 106496K [0x00000000e0000000, 0x00000000ea480000, 0x0000000100000000)
  eden space 106496K, 100% used [0x00000000e0000000,0x00000000e6800000,0x00000000e6800000)
  from space 10752K, 0% used [0x00000000e6800000,0x00000000e6800000,0x00000000e7280000)
  to   space 11776K, 0% used [0x00000000e9900000,0x00000000e9900000,0x00000000ea480000)
 ParOldGen       total 91648K, used 17318K [0x00000000a0000000, 0x00000000a5980000, 0x00000000e0000000)
  object space 91648K, 18% used [0x00000000a0000000,0x00000000a10e9b88,0x00000000a5980000)
 Metaspace       used 44649K, capacity 45666K, committed 45864K, reserved 1089536K
  class space    used 6024K, capacity 6344K, committed 6440K, reserved 1048576K
Event: 26.226 GC heap after
Heap after GC invocations=12 (full 2):
 PSYoungGen      total 146432K, used 11759K [0x00000000e0000000, 0x00000000ea480000, 0x0000000100000000)
  eden space 134656K, 0% used [0x00000000e0000000,0x00000000e0000000,0x00000000e8380000)
  from space 11776K, 99% used [0x00000000e9900000,0x00000000ea47bec0,0x00000000ea480000)
  to   space 13824K, 0% used [0x00000000e8980000,0x00000000e8980000,0x00000000e9700000)
 ParOldGen       total 91648K, used 19614K [0x00000000a0000000, 0x00000000a5980000, 0x00000000e0000000)
  object space 91648K, 21% used [0x00000000a0000000,0x00000000a1327b58,0x00000000a5980000)
 Metaspace       used 44649K, capacity 45666K, committed 45864K, reserved 1089536K
  class space    used 6024K, capacity 6344K, committed 6440K, reserved 1048576K
}
Event: 35.241 GC heap before
{Heap before GC invocations=13 (full 2):
 PSYoungGen      total 146432K, used 146415K [0x00000000e0000000, 0x00000000ea480000, 0x0000000100000000)
  eden space 134656K, 100% used [0x00000000e0000000,0x00000000e8380000,0x00000000e8380000)
  from space 11776K, 99% used [0x00000000e9900000,0x00000000ea47bec0,0x00000000ea480000)
  to   space 13824K, 0% used [0x00000000e8980000,0x00000000e8980000,0x00000000e9700000)
 ParOldGen       total 91648K, used 19614K [0x00000000a0000000, 0x00000000a5980000, 0x00000000e0000000)
  object space 91648K, 21% used [0x00000000a0000000,0x00000000a1327b58,0x00000000a5980000)
 Metaspace       used 53919K, capacity 55226K, committed 55464K, reserved 1097728K
  class space    used 7230K, capacity 7570K, committed 7592K, reserved 1048576K
Event: 35.284 GC heap after
Heap after GC invocations=13 (full 2):
 PSYoungGen      total 154624K, used 10418K [0x00000000e0000000, 0x00000000ebe80000, 0x0000000100000000)
  eden space 140800K, 0% used [0x00000000e0000000,0x00000000e0000000,0x00000000e8980000)
  from space 13824K, 75% used [0x00000000e8980000,0x00000000e93acbd8,0x00000000e9700000)
  to   space 14336K, 0% used [0x00000000eb080000,0x00000000eb080000,0x00000000ebe80000)
 ParOldGen       total 91648K, used 26837K [0x00000000a0000000, 0x00000000a5980000, 0x00000000e0000000)
  object space 91648K, 29% used [0x00000000a0000000,0x00000000a1a35420,0x00000000a5980000)
 Metaspace       used 53919K, capacity 55226K, committed 55464K, reserved 1097728K
  class space    used 7230K, capacity 7570K, committed 7592K, reserved 1048576K
}
Event: 37.520 GC heap before
{Heap before GC invocations=14 (full 2):
 PSYoungGen      total 154624K, used 59248K [0x00000000e0000000, 0x00000000ebe80000, 0x0000000100000000)
  eden space 140800K, 34% used [0x00000000e0000000,0x00000000e2faf468,0x00000000e8980000)
  from space 13824K, 75% used [0x00000000e8980000,0x00000000e93acbd8,0x00000000e9700000)
  to   space 14336K, 0% used [0x00000000eb080000,0x00000000eb080000,0x00000000ebe80000)
 ParOldGen       total 91648K, used 26837K [0x00000000a0000000, 0x00000000a5980000, 0x00000000e0000000)
  object space 91648K, 29% used [0x00000000a0000000,0x00000000a1a35420,0x00000000a5980000)
 Metaspace       used 57543K, capacity 59022K, committed 59160K, reserved 1099776K
  class space    used 7741K, capacity 8144K, committed 8232K, reserved 1048576K
Event: 37.553 GC heap after
Heap after GC invocations=14 (full 2):
 PSYoungGen      total 181248K, used 8694K [0x00000000e0000000, 0x00000000ec580000, 0x0000000100000000)
  eden space 166912K, 0% used [0x00000000e0000000,0x00000000e0000000,0x00000000ea300000)
  from space 14336K, 60% used [0x00000000eb080000,0x00000000eb8fda68,0x00000000ebe80000)
  to   space 13824K, 0% used [0x00000000ea300000,0x00000000ea300000,0x00000000eb080000)
 ParOldGen       total 91648K, used 26845K [0x00000000a0000000, 0x00000000a5980000, 0x00000000e0000000)
  object space 91648K, 29% used [0x00000000a0000000,0x00000000a1a37420,0x00000000a5980000)
 Metaspace       used 57543K, capacity 59022K, committed 59160K, reserved 1099776K
  class space    used 7741K, capacity 8144K, committed 8232K, reserved 1048576K
}
Event: 37.553 GC heap before
{Heap before GC invocations=15 (full 3):
 PSYoungGen      total 181248K, used 8694K [0x00000000e0000000, 0x00000000ec580000, 0x0000000100000000)
  eden space 166912K, 0% used [0x00000000e0000000,0x00000000e0000000,0x00000000ea300000)
  from space 14336K, 60% used [0x00000000eb080000,0x00000000eb8fda68,0x00000000ebe80000)
  to   space 13824K, 0% used [0x00000000ea300000,0x00000000ea300000,0x00000000eb080000)
 ParOldGen       total 91648K, used 26845K [0x00000000a0000000, 0x00000000a5980000, 0x00000000e0000000)
  object space 91648K, 29% used [0x00000000a0000000,0x00000000a1a37420,0x00000000a5980000)
 Metaspace       used 57543K, capacity 59022K, committed 59160K, reserved 1099776K
  class space    used 7741K, capacity 8144K, committed 8232K, reserved 1048576K
Event: 38.418 GC heap after
Heap after GC invocations=15 (full 3):
 PSYoungGen      total 181248K, used 0K [0x00000000e0000000, 0x00000000ec580000, 0x0000000100000000)
  eden space 166912K, 0% used [0x00000000e0000000,0x00000000e0000000,0x00000000ea300000)
  from space 14336K, 0% used [0x00000000eb080000,0x00000000eb080000,0x00000000ebe80000)
  to   space 13824K, 0% used [0x00000000ea300000,0x00000000ea300000,0x00000000eb080000)
 ParOldGen       total 135680K, used 30495K [0x00000000a0000000, 0x00000000a8480000, 0x00000000e0000000)
  object space 135680K, 22% used [0x00000000a0000000,0x00000000a1dc7df0,0x00000000a8480000)
 Metaspace       used 57543K, capacity 59022K, committed 59160K, reserved 1099776K
  class space    used 7741K, capacity 8144K, committed 8232K, reserved 1048576K
}

