# JRE version: OpenJDK Runtime Environment (8.0_202-b03) (build 1.8.0_202-release-1483-b03)
# Java VM: OpenJDK 64-Bit Server VM (25.202-b03 mixed mode windows-amd64 compressed oops)
Heap:
 PSYoungGen      total 163328K, used 135735K [0x00000000e0000000, 0x00000000eb080000, 0x0000000100000000)
  eden space 151040K, 81% used [0x00000000e0000000,0x00000000e7891648,0x00000000e9380000)
  from space 12288K, 99% used [0x00000000ea180000,0x00000000ead7c790,0x00000000ead80000)
  to   space 14336K, 0% used [0x00000000e9380000,0x00000000e9380000,0x00000000ea180000)
 ParOldGen       total 79360K, used 19623K [0x00000000a0000000, 0x00000000a4d80000, 0x00000000e0000000)
  object space 79360K, 24% used [0x00000000a0000000,0x00000000a1329c28,0x00000000a4d80000)
 Metaspace       used 53004K, capacity 54264K, committed 54488K, reserved 1095680K
  class space    used 7071K, capacity 7415K, committed 7424K, reserved 1048576K
GC Heap History (10 events):
Event: 24.816 GC heap before
{Heap before GC invocations=8 (full 1):
 PSYoungGen      total 76288K, used 66560K [0x00000000e0000000, 0x00000000e5500000, 0x0000000100000000)
  eden space 66560K, 100% used [0x00000000e0000000,0x00000000e4100000,0x00000000e4100000)
  from space 9728K, 0% used [0x00000000e4b80000,0x00000000e4b80000,0x00000000e5500000)
  to   space 10240K, 0% used [0x00000000e4100000,0x00000000e4100000,0x00000000e4b00000)
 ParOldGen       total 53760K, used 7320K [0x00000000a0000000, 0x00000000a3480000, 0x00000000e0000000)
  object space 53760K, 13% used [0x00000000a0000000,0x00000000a0726110,0x00000000a3480000)
 Metaspace       used 28481K, capacity 28944K, committed 29440K, reserved 1075200K
  class space    used 3819K, capacity 3981K, committed 4096K, reserved 1048576K
Event: 24.849 GC heap after
Heap after GC invocations=8 (full 1):
 PSYoungGen      total 76800K, used 7826K [0x00000000e0000000, 0x00000000e8400000, 0x0000000100000000)
  eden space 66560K, 0% used [0x00000000e0000000,0x00000000e0000000,0x00000000e4100000)
  from space 10240K, 76% used [0x00000000e4100000,0x00000000e48a4a10,0x00000000e4b00000)
  to   space 10752K, 0% used [0x00000000e7980000,0x00000000e7980000,0x00000000e8400000)
 ParOldGen       total 53760K, used 7328K [0x00000000a0000000, 0x00000000a3480000, 0x00000000e0000000)
  object space 53760K, 13% used [0x00000000a0000000,0x00000000a0728110,0x00000000a3480000)
 Metaspace       used 28481K, capacity 28944K, committed 29440K, reserved 1075200K
  class space    used 3819K, capacity 3981K, committed 4096K, reserved 1048576K
}
Event: 27.660 GC heap before
{Heap before GC invocations=9 (full 1):
 PSYoungGen      total 76800K, used 74386K [0x00000000e0000000, 0x00000000e8400000, 0x0000000100000000)
  eden space 66560K, 100% used [0x00000000e0000000,0x00000000e4100000,0x00000000e4100000)
  from space 10240K, 76% used [0x00000000e4100000,0x00000000e48a4a10,0x00000000e4b00000)
  to   space 10752K, 0% used [0x00000000e7980000,0x00000000e7980000,0x00000000e8400000)
 ParOldGen       total 53760K, used 7328K [0x00000000a0000000, 0x00000000a3480000, 0x00000000e0000000)
  object space 53760K, 13% used [0x00000000a0000000,0x00000000a0728110,0x00000000a3480000)
 Metaspace       used 31807K, capacity 32200K, committed 32512K, reserved 1077248K
  class space    used 4373K, capacity 4531K, committed 4608K, reserved 1048576K
Event: 27.700 GC heap after
Heap after GC invocations=9 (full 1):
 PSYoungGen      total 120320K, used 8475K [0x00000000e0000000, 0x00000000e8200000, 0x0000000100000000)
  eden space 111616K, 0% used [0x00000000e0000000,0x00000000e0000000,0x00000000e6d00000)
  from space 8704K, 97% used [0x00000000e7980000,0x00000000e81c6de0,0x00000000e8200000)
  to   space 10752K, 0% used [0x00000000e6d00000,0x00000000e6d00000,0x00000000e7780000)
 ParOldGen       total 53760K, used 7336K [0x00000000a0000000, 0x00000000a3480000, 0x00000000e0000000)
  object space 53760K, 13% used [0x00000000a0000000,0x00000000a072a110,0x00000000a3480000)
 Metaspace       used 31807K, capacity 32200K, committed 32512K, reserved 1077248K
  class space    used 4373K, capacity 4531K, committed 4608K, reserved 1048576K
}
Event: 40.278 GC heap before
{Heap before GC invocations=10 (full 1):
 PSYoungGen      total 120320K, used 57880K [0x00000000e0000000, 0x00000000e8200000, 0x0000000100000000)
  eden space 111616K, 44% used [0x00000000e0000000,0x00000000e303f508,0x00000000e6d00000)
  from space 8704K, 97% used [0x00000000e7980000,0x00000000e81c6de0,0x00000000e8200000)
  to   space 10752K, 0% used [0x00000000e6d00000,0x00000000e6d00000,0x00000000e7780000)
 ParOldGen       total 53760K, used 7336K [0x00000000a0000000, 0x00000000a3480000, 0x00000000e0000000)
  object space 53760K, 13% used [0x00000000a0000000,0x00000000a072a110,0x00000000a3480000)
 Metaspace       used 34624K, capacity 35210K, committed 35416K, reserved 1079296K
  class space    used 4773K, capacity 4938K, committed 4992K, reserved 1048576K
Event: 40.320 GC heap after
Heap after GC invocations=10 (full 1):
 PSYoungGen      total 122368K, used 10747K [0x00000000e0000000, 0x00000000ead80000, 0x0000000100000000)
  eden space 111616K, 0% used [0x00000000e0000000,0x00000000e0000000,0x00000000e6d00000)
  from space 10752K, 99% used [0x00000000e6d00000,0x00000000e777ec70,0x00000000e7780000)
  to   space 12288K, 0% used [0x00000000ea180000,0x00000000ea180000,0x00000000ead80000)
 ParOldGen       total 53760K, used 7344K [0x00000000a0000000, 0x00000000a3480000, 0x00000000e0000000)
  object space 53760K, 13% used [0x00000000a0000000,0x00000000a072c110,0x00000000a3480000)
 Metaspace       used 34624K, capacity 35210K, committed 35416K, reserved 1079296K
  class space    used 4773K, capacity 4938K, committed 4992K, reserved 1048576K
}
Event: 40.321 GC heap before
{Heap before GC invocations=11 (full 2):
 PSYoungGen      total 122368K, used 10747K [0x00000000e0000000, 0x00000000ead80000, 0x0000000100000000)
  eden space 111616K, 0% used [0x00000000e0000000,0x00000000e0000000,0x00000000e6d00000)
  from space 10752K, 99% used [0x00000000e6d00000,0x00000000e777ec70,0x00000000e7780000)
  to   space 12288K, 0% used [0x00000000ea180000,0x00000000ea180000,0x00000000ead80000)
 ParOldGen       total 53760K, used 7344K [0x00000000a0000000, 0x00000000a3480000, 0x00000000e0000000)
  object space 53760K, 13% used [0x00000000a0000000,0x00000000a072c110,0x00000000a3480000)
 Metaspace       used 34624K, capacity 35210K, committed 35416K, reserved 1079296K
  class space    used 4773K, capacity 4938K, committed 4992K, reserved 1048576K
Event: 40.705 GC heap after
Heap after GC invocations=11 (full 2):
 PSYoungGen      total 122368K, used 0K [0x00000000e0000000, 0x00000000ead80000, 0x0000000100000000)
  eden space 111616K, 0% used [0x00000000e0000000,0x00000000e0000000,0x00000000e6d00000)
  from space 10752K, 0% used [0x00000000e6d00000,0x00000000e6d00000,0x00000000e7780000)
  to   space 12288K, 0% used [0x00000000ea180000,0x00000000ea180000,0x00000000ead80000)
 ParOldGen       total 79360K, used 17332K [0x00000000a0000000, 0x00000000a4d80000, 0x00000000e0000000)
  object space 79360K, 21% used [0x00000000a0000000,0x00000000a10ed1f8,0x00000000a4d80000)
 Metaspace       used 34610K, capacity 35162K, committed 35416K, reserved 1079296K
  class space    used 4769K, capacity 4930K, committed 4992K, reserved 1048576K
}
Event: 50.395 GC heap before
{Heap before GC invocations=12 (full 2):
 PSYoungGen      total 122368K, used 111616K [0x00000000e0000000, 0x00000000ead80000, 0x0000000100000000)
  eden space 111616K, 100% used [0x00000000e0000000,0x00000000e6d00000,0x00000000e6d00000)
  from space 10752K, 0% used [0x00000000e6d00000,0x00000000e6d00000,0x00000000e7780000)
  to   space 12288K, 0% used [0x00000000ea180000,0x00000000ea180000,0x00000000ead80000)
 ParOldGen       total 79360K, used 17332K [0x00000000a0000000, 0x00000000a4d80000, 0x00000000e0000000)
  object space 79360K, 21% used [0x00000000a0000000,0x00000000a10ed1f8,0x00000000a4d80000)
 Metaspace       used 45045K, capacity 45888K, committed 46296K, reserved 1089536K
  class space    used 6073K, capacity 6325K, committed 6400K, reserved 1048576K
Event: 50.564 GC heap after
Heap after GC invocations=12 (full 2):
 PSYoungGen      total 163328K, used 12273K [0x00000000e0000000, 0x00000000eb080000, 0x0000000100000000)
  eden space 151040K, 0% used [0x00000000e0000000,0x00000000e0000000,0x00000000e9380000)
  from space 12288K, 99% used [0x00000000ea180000,0x00000000ead7c790,0x00000000ead80000)
  to   space 14336K, 0% used [0x00000000e9380000,0x00000000e9380000,0x00000000ea180000)
 ParOldGen       total 79360K, used 19623K [0x00000000a0000000, 0x00000000a4d80000, 0x00000000e0000000)
  object space 79360K, 24% used [0x00000000a0000000,0x00000000a1329c28,0x00000000a4d80000)
 Metaspace       used 45045K, capacity 45888K, committed 46296K, reserved 1089536K
  class space    used 6073K, capacity 6325K, committed 6400K, reserved 1048576K
}

