# JRE version: OpenJDK Runtime Environment (8.0_202-b03) (build 1.8.0_202-release-1483-b03)
# Java VM: OpenJDK 64-Bit Server VM (25.202-b03 mixed mode windows-amd64 compressed oops)
Heap:
 PSYoungGen      total 156160K, used 117848K [0x00000000e0000000, 0x00000000ebc80000, 0x0000000100000000)
  eden space 127488K, 72% used [0x00000000e0000000,0x00000000e5a6e9c0,0x00000000e7c80000)
  from space 28672K, 88% used [0x00000000e9b80000,0x00000000eb427a28,0x00000000eb780000)
  to   space 31744K, 0% used [0x00000000e7c80000,0x00000000e7c80000,0x00000000e9b80000)
 ParOldGen       total 112640K, used 81682K [0x00000000a0000000, 0x00000000a6e00000, 0x00000000e0000000)
  object space 112640K, 72% used [0x00000000a0000000,0x00000000a4fc4a28,0x00000000a6e00000)
 Metaspace       used 93124K, capacity 97254K, committed 97428K, reserved 1134592K
  class space    used 11910K, capacity 12687K, committed 12732K, reserved 1048576K
GC Heap History (10 events):
Event: 3008.501 GC heap before
{Heap before GC invocations=46 (full 4):
 PSYoungGen      total 135168K, used 134771K [0x00000000e0000000, 0x00000000e9c80000, 0x0000000100000000)
  eden space 125440K, 100% used [0x00000000e0000000,0x00000000e7a80000,0x00000000e7a80000)
  from space 9728K, 95% used [0x00000000e7f00000,0x00000000e881cdd8,0x00000000e8880000)
  to   space 17408K, 0% used [0x00000000e8b80000,0x00000000e8b80000,0x00000000e9c80000)
 ParOldGen       total 112640K, used 58449K [0x00000000a0000000, 0x00000000a6e00000, 0x00000000e0000000)
  object space 112640K, 51% used [0x00000000a0000000,0x00000000a3914470,0x00000000a6e00000)
 Metaspace       used 91148K, capacity 95096K, committed 95252K, reserved 1132544K
  class space    used 11725K, capacity 12502K, committed 12604K, reserved 1048576K
Event: 3008.561 GC heap after
Heap after GC invocations=46 (full 4):
 PSYoungGen      total 135680K, used 12084K [0x00000000e0000000, 0x00000000e9980000, 0x0000000100000000)
  eden space 121344K, 0% used [0x00000000e0000000,0x00000000e0000000,0x00000000e7680000)
  from space 14336K, 84% used [0x00000000e8b80000,0x00000000e974d168,0x00000000e9980000)
  to   space 17920K, 0% used [0x00000000e7680000,0x00000000e7680000,0x00000000e8800000)
 ParOldGen       total 112640K, used 58457K [0x00000000a0000000, 0x00000000a6e00000, 0x00000000e0000000)
  object space 112640K, 51% used [0x00000000a0000000,0x00000000a3916470,0x00000000a6e00000)
 Metaspace       used 91148K, capacity 95096K, committed 95252K, reserved 1132544K
  class space    used 11725K, capacity 12502K, committed 12604K, reserved 1048576K
}
Event: 3017.775 GC heap before
{Heap before GC invocations=47 (full 4):
 PSYoungGen      total 135680K, used 133428K [0x00000000e0000000, 0x00000000e9980000, 0x0000000100000000)
  eden space 121344K, 100% used [0x00000000e0000000,0x00000000e7680000,0x00000000e7680000)
  from space 14336K, 84% used [0x00000000e8b80000,0x00000000e974d168,0x00000000e9980000)
  to   space 17920K, 0% used [0x00000000e7680000,0x00000000e7680000,0x00000000e8800000)
 ParOldGen       total 112640K, used 58457K [0x00000000a0000000, 0x00000000a6e00000, 0x00000000e0000000)
  object space 112640K, 51% used [0x00000000a0000000,0x00000000a3916470,0x00000000a6e00000)
 Metaspace       used 91643K, capacity 95644K, committed 95764K, reserved 1132544K
  class space    used 11753K, capacity 12508K, committed 12604K, reserved 1048576K
Event: 3017.849 GC heap after
Heap after GC invocations=47 (full 4):
 PSYoungGen      total 129024K, used 11602K [0x00000000e0000000, 0x00000000e9680000, 0x0000000100000000)
  eden space 117248K, 0% used [0x00000000e0000000,0x00000000e0000000,0x00000000e7280000)
  from space 11776K, 98% used [0x00000000e7680000,0x00000000e81d4840,0x00000000e8200000)
  to   space 18432K, 0% used [0x00000000e8480000,0x00000000e8480000,0x00000000e9680000)
 ParOldGen       total 112640K, used 58457K [0x00000000a0000000, 0x00000000a6e00000, 0x00000000e0000000)
  object space 112640K, 51% used [0x00000000a0000000,0x00000000a3916470,0x00000000a6e00000)
 Metaspace       used 91643K, capacity 95644K, committed 95764K, reserved 1132544K
  class space    used 11753K, capacity 12508K, committed 12604K, reserved 1048576K
}
Event: 3134.952 GC heap before
{Heap before GC invocations=48 (full 4):
 PSYoungGen      total 129024K, used 128850K [0x00000000e0000000, 0x00000000e9680000, 0x0000000100000000)
  eden space 117248K, 100% used [0x00000000e0000000,0x00000000e7280000,0x00000000e7280000)
  from space 11776K, 98% used [0x00000000e7680000,0x00000000e81d4840,0x00000000e8200000)
  to   space 18432K, 0% used [0x00000000e8480000,0x00000000e8480000,0x00000000e9680000)
 ParOldGen       total 112640K, used 58457K [0x00000000a0000000, 0x00000000a6e00000, 0x00000000e0000000)
  object space 112640K, 51% used [0x00000000a0000000,0x00000000a3916470,0x00000000a6e00000)
 Metaspace       used 91893K, capacity 96020K, committed 96276K, reserved 1132544K
  class space    used 11782K, capacity 12560K, committed 12604K, reserved 1048576K
Event: 3134.987 GC heap after
Heap after GC invocations=48 (full 4):
 PSYoungGen      total 126464K, used 7120K [0x00000000e0000000, 0x00000000e9100000, 0x0000000100000000)
  eden space 113664K, 0% used [0x00000000e0000000,0x00000000e0000000,0x00000000e6f00000)
  from space 12800K, 55% used [0x00000000e8480000,0x00000000e8b74040,0x00000000e9100000)
  to   space 17408K, 0% used [0x00000000e6f00000,0x00000000e6f00000,0x00000000e8000000)
 ParOldGen       total 112640K, used 58465K [0x00000000a0000000, 0x00000000a6e00000, 0x00000000e0000000)
  object space 112640K, 51% used [0x00000000a0000000,0x00000000a3918470,0x00000000a6e00000)
 Metaspace       used 91893K, capacity 96020K, committed 96276K, reserved 1132544K
  class space    used 11782K, capacity 12560K, committed 12604K, reserved 1048576K
}
Event: 3141.412 GC heap before
{Heap before GC invocations=49 (full 4):
 PSYoungGen      total 126464K, used 120021K [0x00000000e0000000, 0x00000000e9100000, 0x0000000100000000)
  eden space 113664K, 99% used [0x00000000e0000000,0x00000000e6e414f8,0x00000000e6f00000)
  from space 12800K, 55% used [0x00000000e8480000,0x00000000e8b74040,0x00000000e9100000)
  to   space 17408K, 0% used [0x00000000e6f00000,0x00000000e6f00000,0x00000000e8000000)
 ParOldGen       total 112640K, used 58465K [0x00000000a0000000, 0x00000000a6e00000, 0x00000000e0000000)
  object space 112640K, 51% used [0x00000000a0000000,0x00000000a3918470,0x00000000a6e00000)
 Metaspace       used 92809K, capacity 96906K, committed 97172K, reserved 1134592K
  class space    used 11878K, capacity 12661K, committed 12732K, reserved 1048576K
Event: 3141.712 GC heap after
Heap after GC invocations=49 (full 4):
 PSYoungGen      total 131072K, used 17384K [0x00000000e0000000, 0x00000000eb780000, 0x0000000100000000)
  eden space 113664K, 0% used [0x00000000e0000000,0x00000000e0000000,0x00000000e6f00000)
  from space 17408K, 99% used [0x00000000e6f00000,0x00000000e7ffa158,0x00000000e8000000)
  to   space 28672K, 0% used [0x00000000e9b80000,0x00000000e9b80000,0x00000000eb780000)
 ParOldGen       total 112640K, used 81610K [0x00000000a0000000, 0x00000000a6e00000, 0x00000000e0000000)
  object space 112640K, 72% used [0x00000000a0000000,0x00000000a4fb2a28,0x00000000a6e00000)
 Metaspace       used 92809K, capacity 96906K, committed 97172K, reserved 1134592K
  class space    used 11878K, capacity 12661K, committed 12732K, reserved 1048576K
}
Event: 3205.542 GC heap before
{Heap before GC invocations=50 (full 4):
 PSYoungGen      total 131072K, used 131048K [0x00000000e0000000, 0x00000000eb780000, 0x0000000100000000)
  eden space 113664K, 100% used [0x00000000e0000000,0x00000000e6f00000,0x00000000e6f00000)
  from space 17408K, 99% used [0x00000000e6f00000,0x00000000e7ffa158,0x00000000e8000000)
  to   space 28672K, 0% used [0x00000000e9b80000,0x00000000e9b80000,0x00000000eb780000)
 ParOldGen       total 112640K, used 81610K [0x00000000a0000000, 0x00000000a6e00000, 0x00000000e0000000)
  object space 112640K, 72% used [0x00000000a0000000,0x00000000a4fb2a28,0x00000000a6e00000)
 Metaspace       used 93086K, capacity 97254K, committed 97428K, reserved 1134592K
  class space    used 11909K, capacity 12687K, committed 12732K, reserved 1048576K
Event: 3205.727 GC heap after
Heap after GC invocations=50 (full 4):
 PSYoungGen      total 156160K, used 25246K [0x00000000e0000000, 0x00000000ebc80000, 0x0000000100000000)
  eden space 127488K, 0% used [0x00000000e0000000,0x00000000e0000000,0x00000000e7c80000)
  from space 28672K, 88% used [0x00000000e9b80000,0x00000000eb427a28,0x00000000eb780000)
  to   space 31744K, 0% used [0x00000000e7c80000,0x00000000e7c80000,0x00000000e9b80000)
 ParOldGen       total 112640K, used 81682K [0x00000000a0000000, 0x00000000a6e00000, 0x00000000e0000000)
  object space 112640K, 72% used [0x00000000a0000000,0x00000000a4fc4a28,0x00000000a6e00000)
 Metaspace       used 93086K, capacity 97254K, committed 97428K, reserved 1134592K
  class space    used 11909K, capacity 12687K, committed 12732K, reserved 1048576K
}

